<?xml version="1.0" encoding="UTF-8"?>
<!-- Generated by org.testng.reporters.JUnitReportReporter -->
<testsuite skipped="0" hostname="asda1716po02925" name="com.qainfotech.tap.training.resourceio.PropertiesOptionsIOTest" tests="2" failures="0" timestamp="28 Jun 2017 11:18:45 GMT" time="0.093" errors="0">
  <testcase name="getOptionValueMethodShouldReturnOptionValuesFromPropertiesFile" time="0.005" classname="com.qainfotech.tap.training.resourceio.PropertiesOptionsIOTest"/>
  <testcase name="addOptionShouldMethodShouldAppendPropertiesFileWithNewProperty" time="0.088" classname="com.qainfotech.tap.training.resourceio.PropertiesOptionsIOTest"/>
</testsuite> <!-- com.qainfotech.tap.training.resourceio.PropertiesOptionsIOTest -->
