<?xml version="1.0" encoding="UTF-8"?>
<!-- Generated by org.testng.reporters.JUnitReportReporter -->
<testsuite skipped="0" hostname="asda1716po02925" name="com.qainfotech.tap.training.resourceio.TeamsJsonReaderTest" tests="1" failures="0" timestamp="04 Jul 2017 06:54:24 GMT" time="0.062" errors="0">
  <testcase name="Team_getActiveMembers_should_return_a_list_of_team_members_that_are_active" time="0.062" classname="com.qainfotech.tap.training.resourceio.TeamsJsonReaderTest"/>
</testsuite> <!-- com.qainfotech.tap.training.resourceio.TeamsJsonReaderTest -->
