<?xml version="1.0" encoding="UTF-8"?>
<!-- Generated by org.testng.reporters.JUnitReportReporter -->
<testsuite skipped="0" hostname="asda1716po02925" name="com.qainfotech.tap.training.resourceio.TeamsJsonReaderTest" tests="1" failures="0" timestamp="30 Jun 2017 05:43:49 GMT" time="0.065" errors="0">
  <testcase name="getIndividualById_should_return_Individual_object_matching_id" time="0.065" classname="com.qainfotech.tap.training.resourceio.TeamsJsonReaderTest"/>
</testsuite> <!-- com.qainfotech.tap.training.resourceio.TeamsJsonReaderTest -->
