<?xml version="1.0" encoding="UTF-8"?>
<!-- Generated by org.testng.reporters.JUnitReportReporter -->
<testsuite skipped="0" hostname="asda1716po02925" name="com.qainfotech.tap.training.resourceio.TeamsYamlReaderTest" tests="1" failures="0" timestamp="04 Jul 2017 09:07:10 GMT" time="0.112" errors="0">
  <testcase name="getListOfTeams_should_return_a_list_if_Team_object_from_db_json" time="0.112" classname="com.qainfotech.tap.training.resourceio.TeamsYamlReaderTest"/>
</testsuite> <!-- com.qainfotech.tap.training.resourceio.TeamsYamlReaderTest -->
