<?xml version="1.0" encoding="UTF-8"?>
<!-- Generated by org.testng.reporters.JUnitReportReporter -->
<testsuite skipped="0" hostname="asda1716po02925" name="com.qainfotech.tap.training.resourceio.PropertiesOptionsIOTest" tests="2" failures="0" timestamp="28 Jun 2017 08:51:58 GMT" time="0.067" errors="0">
  <testcase name="getOptionValueMethodShouldReturnOptionValuesFromPropertiesFile" time="0.003" classname="com.qainfotech.tap.training.resourceio.PropertiesOptionsIOTest"/>
  <testcase name="addOptionShouldMethodShouldAppendPropertiesFileWithNewProperty" time="0.064" classname="com.qainfotech.tap.training.resourceio.PropertiesOptionsIOTest"/>
</testsuite> <!-- com.qainfotech.tap.training.resourceio.PropertiesOptionsIOTest -->
